<?xml version="1.0" encoding="UTF-8"?>
<!-- Generated by org.testng.reporters.JUnitReportReporter -->
<testsuite hostname="DESKTOP-JDBRO8S" failures="0" tests="1" name="MAVEN.CreateUserTest" time="0.039" errors="0" timestamp="2022-05-09T14:51:21 IST" skipped="0">
  <testcase classname="MAVEN.CreateUserTest" name="CreateUsert" time="0.039"/>
  <system-out/>
</testsuite> <!-- MAVEN.CreateUserTest -->
