<?xml version="1.0" encoding="UTF-8"?>
<!-- Generated by org.testng.reporters.JUnitReportReporter -->
<testsuite hostname="DESKTOP-JDBRO8S" failures="0" tests="1" name="MAVEN.ReadingTheDataFromCommandLineTest" time="0.015" errors="0" timestamp="2022-05-09T16:51:00 IST" skipped="0">
  <testcase classname="MAVEN.ReadingTheDataFromCommandLineTest" name="regression" time="0.015"/>
  <system-out/>
</testsuite> <!-- MAVEN.ReadingTheDataFromCommandLineTest -->
